[debug] [2022-04-25T19:29:21.838Z] ----------------------------------------------------------------------
[debug] [2022-04-25T19:29:21.839Z] Command:       /usr/local/bin/node /usr/local/bin/firebase init
[debug] [2022-04-25T19:29:21.839Z] CLI Version:   10.7.1
[debug] [2022-04-25T19:29:21.839Z] Platform:      darwin
[debug] [2022-04-25T19:29:21.840Z] Node Version:  v16.14.0
[debug] [2022-04-25T19:29:21.840Z] Time:          Mon Apr 25 2022 15:29:21 GMT-0400 (Eastern Daylight Time)
[debug] [2022-04-25T19:29:21.840Z] ----------------------------------------------------------------------
[debug] 
[debug] [2022-04-25T19:29:21.890Z] > command requires scopes: ["email","openid","https://www.googleapis.com/auth/cloudplatformprojects.readonly","https://www.googleapis.com/auth/firebase","https://www.googleapis.com/auth/cloud-platform"]
[debug] [2022-04-25T19:29:21.890Z] > authorizing via signed-in user (ysldevelop@gmail.com)
[info] 
     ######## #### ########  ######## ########     ###     ######  ########
     ##        ##  ##     ## ##       ##     ##  ##   ##  ##       ##
     ######    ##  ########  ######   ########  #########  ######  ######
     ##        ##  ##    ##  ##       ##     ## ##     ##       ## ##
     ##       #### ##     ## ######## ########  ##     ##  ######  ########

You're about to initialize a Firebase project in this directory:

  /Users/yusunglee/Desktop/petune_cookie

Before we get started, keep in mind:

  * You are initializing within an existing Firebase project directory

[info] 
=== Project Setup
[info] 
[info] First, let's associate this project directory with a Firebase project.
[info] You can create multiple project aliases by running firebase use --add, 
[info] but for now we'll just set up a default project.
[info] 
[debug] [2022-04-25T19:29:40.310Z] Using project from CLI flag: petune-cookie
[debug] [2022-04-25T19:29:40.312Z] >>> [apiv2][query] GET https://firebase.googleapis.com/v1beta1/projects/petune-cookie [none]
[debug] [2022-04-25T19:29:40.618Z] <<< [apiv2][status] GET https://firebase.googleapis.com/v1beta1/projects/petune-cookie 200
[debug] [2022-04-25T19:29:40.619Z] <<< [apiv2][body] GET https://firebase.googleapis.com/v1beta1/projects/petune-cookie {"projectId":"petune-cookie","projectNumber":"964001051056","displayName":"Petune Cookie","name":"projects/petune-cookie","resources":{"hostingSite":"petune-cookie"},"state":"ACTIVE"}
[info] i  Using project petune-cookie (Petune Cookie) 
[info] 
=== Hosting Setup
[info] 
[info] Your public directory is the folder (relative to your project directory) that
[info] will contain Hosting assets to be uploaded with firebase deploy. If you
[info] have a build process for your assets, use your build's output directory.
[info] 
[debug] [2022-04-25T19:30:09.733Z] >>> [apiv2][query] GET https://www.gstatic.com/firebasejs/releases.json [none]
[debug] [2022-04-25T19:30:09.773Z] <<< [apiv2][status] GET https://www.gstatic.com/firebasejs/releases.json 200
[debug] [2022-04-25T19:30:09.774Z] <<< [apiv2][body] GET https://www.gstatic.com/firebasejs/releases.json {"current":{"version":"9.6.11","browserURL":"https://www.gstatic.com/firebasejs/9.6.11/firebase.js","packageURL":"https://www.gstatic.com/firebasejs/9.6.11/firebase.tgz"},"live":{"version":"9.6","browserURL":"https://www.gstatic.com/firebasejs/live/9.6/firebase.js","packageURL":"https://www.gstatic.com/firebasejs/live/9.6/firebase.tgz"},"components":{"analytics":"https://www.gstatic.com/firebasejs/9.6.11/firebase-analytics.js","app":"https://www.gstatic.com/firebasejs/9.6.11/firebase-app.js","app-check":"https://www.gstatic.com/firebasejs/9.6.11/firebase-app-check.js","auth":"https://www.gstatic.com/firebasejs/9.6.11/firebase-auth.js","auth/cordova":"https://www.gstatic.com/firebasejs/9.6.11/firebase-auth/cordova.js","auth/react-native":"https://www.gstatic.com/firebasejs/9.6.11/firebase-auth/react-native.js","functions":"https://www.gstatic.com/firebasejs/9.6.11/firebase-functions.js","firestore":"https://www.gstatic.com/firebasejs/9.6.11/firebase-firestore.js","firestore/lite":"https://www.gstatic.com/firebasejs/9.6.11/firebase-firestore/lite.js","storage":"https://www.gstatic.com/firebasejs/9.6.11/firebase-storage.js","performance":"https://www.gstatic.com/firebasejs/9.6.11/firebase-performance.js","remote-config":"https://www.gstatic.com/firebasejs/9.6.11/firebase-remote-config.js","messaging":"https://www.gstatic.com/firebasejs/9.6.11/firebase-messaging.js","messaging/sw":"https://www.gstatic.com/firebasejs/9.6.11/firebase-messaging/sw.js","database":"https://www.gstatic.com/firebasejs/9.6.11/firebase-database.js","firestore.memory":"https://www.gstatic.com/firebasejs/9.6.11/firebase-firestore.memory.js"}}
[info] i  Skipping write of public/index.html 
[info] 
[info] i  Detected a .git folder at /Users/yusunglee/Desktop/petune_cookie 
[info] i  Authorizing with GitHub to upload your service account to a GitHub repository's secrets store. 
[info] 
[info] Visit this URL on this device to log in:
[info] https://github.com/login/oauth/authorize?client_id=89cf50f02ac6aaed3484&state=623264014&redirect_uri=http%3A%2F%2Flocalhost%3A9005&scope=read%3Auser%20repo%20public_repo
[info] 
[info] Waiting for authentication...
[debug] [2022-04-25T19:30:29.345Z] >>> HTTP REQUEST POST https://github.com/login/oauth/access_token  
 {"client_id":"89cf50f02ac6aaed3484","client_secret":"3330d14abc895d9a74d5f17cd7a00711fa2c5bf0","code":"04cbe02d6f49693e7400","redirect_uri":"http://localhost:9005","state":"623264014"}
[debug] [2022-04-25T19:30:29.490Z] <<< HTTP RESPONSE 200 {"server":"GitHub.com","date":"Mon, 25 Apr 2022 19:30:29 GMT","content-type":"application/json; charset=utf-8","transfer-encoding":"chunked","vary":"X-PJAX, X-PJAX-Container, Accept-Encoding, Accept, X-Requested-With","permissions-policy":"interest-cohort=()","etag":"W/\"73b5937bae4c0c52cc81e2ffb1e107b4\"","cache-control":"max-age=0, private, must-revalidate","strict-transport-security":"max-age=31536000; includeSubdomains; preload","x-frame-options":"deny","x-content-type-options":"nosniff","x-xss-protection":"0","referrer-policy":"origin-when-cross-origin, strict-origin-when-cross-origin","expect-ct":"max-age=2592000, report-uri=\"https://api.github.com/_private/browser/errors\"","content-security-policy":"default-src 'none'; base-uri 'self'; block-all-mixed-content; child-src github.com/assets-cdn/worker/ gist.github.com/assets-cdn/worker/; connect-src 'self' uploads.github.com objects-origin.githubusercontent.com www.githubstatus.com collector.github.com raw.githubusercontent.com api.github.com github-cloud.s3.amazonaws.com github-production-repository-file-5c1aeb.s3.amazonaws.com github-production-upload-manifest-file-7fdce7.s3.amazonaws.com github-production-user-asset-6210df.s3.amazonaws.com cdn.optimizely.com logx.optimizely.com/v1/events translator.github.com *.actions.githubusercontent.com wss://*.actions.githubusercontent.com online.visualstudio.com/api/v1/locations github-production-repository-image-32fea6.s3.amazonaws.com github-production-release-asset-2e65be.s3.amazonaws.com insights.github.com wss://alive.github.com; font-src github.githubassets.com; form-action 'self' github.com gist.github.com objects-origin.githubusercontent.com; frame-ancestors 'none'; frame-src render.githubusercontent.com viewscreen.githubusercontent.com notebooks.githubusercontent.com; img-src 'self' data: github.githubassets.com identicons.github.com github-cloud.s3.amazonaws.com secured-user-images.githubusercontent.com/ *.githubusercontent.com; manifest-src 'self'; media-src github.com user-images.githubusercontent.com/; script-src github.githubassets.com; style-src 'unsafe-inline' github.githubassets.com; worker-src github.com/assets-cdn/worker/ gist.github.com/assets-cdn/worker/","x-github-request-id":"C1F5:21AA:22F6902:39D697B:6266F6D5"}
[debug] [2022-04-25T19:30:29.496Z] >>> [apiv2][query] GET https://api.github.com/user [none]
[debug] [2022-04-25T19:30:29.637Z] <<< [apiv2][status] GET https://api.github.com/user 200
[debug] [2022-04-25T19:30:29.637Z] <<< [apiv2][body] GET https://api.github.com/user {"login":"yslDevelop","id":93795660,"node_id":"U_kgDOBZc1TA","avatar_url":"https://avatars.githubusercontent.com/u/93795660?v=4","gravatar_id":"","url":"https://api.github.com/users/yslDevelop","html_url":"https://github.com/yslDevelop","followers_url":"https://api.github.com/users/yslDevelop/followers","following_url":"https://api.github.com/users/yslDevelop/following{/other_user}","gists_url":"https://api.github.com/users/yslDevelop/gists{/gist_id}","starred_url":"https://api.github.com/users/yslDevelop/starred{/owner}{/repo}","subscriptions_url":"https://api.github.com/users/yslDevelop/subscriptions","organizations_url":"https://api.github.com/users/yslDevelop/orgs","repos_url":"https://api.github.com/users/yslDevelop/repos","events_url":"https://api.github.com/users/yslDevelop/events{/privacy}","received_events_url":"https://api.github.com/users/yslDevelop/received_events","type":"User","site_admin":false,"name":null,"company":null,"blog":"","location":null,"email":null,"hireable":null,"bio":"hey-me.app","twitter_username":null,"public_repos":11,"public_gists":0,"followers":0,"following":0,"created_at":"2021-11-05T20:28:51Z","updated_at":"2022-04-21T19:21:58Z","private_gists":0,"total_private_repos":7,"owned_private_repos":7,"disk_usage":54971,"collaborators":2,"two_factor_authentication":false,"plan":{"name":"free","space":976562499,"collaborators":0,"private_repos":10000}}
[info] 
[info] ✔  Success! Logged into GitHub as yslDevelop 
[info] 
[debug] [2022-04-25T19:30:54.982Z] >>> [apiv2][query] GET https://api.github.com/repos/ysldevelop/petune-cookie/actions/secrets/public-key type=owner
[debug] [2022-04-25T19:30:55.069Z] <<< [apiv2][status] GET https://api.github.com/repos/ysldevelop/petune-cookie/actions/secrets/public-key 404
[debug] [2022-04-25T19:30:55.069Z] <<< [apiv2][body] GET https://api.github.com/repos/ysldevelop/petune-cookie/actions/secrets/public-key {"message":"Not Found","documentation_url":"https://docs.github.com/rest/reference/actions#get-a-repository-public-key"}
